<?xml version="1.0" encoding="UTF-8"?>
<!-- Generated by org.testng.reporters.JUnitXMLReporter -->
<testsuite hostname="IMRAN-PC" ignored="0" name="LoginTest" tests="2" failures="1" timestamp="2020-12-20T21:48:55 BDT" time="13.3" errors="0">
  <testcase name="homepagetitleverify" time="13.108" classname="com.bitm.SeleniumOnlineProject3.Test.LoginTest">
    <failure type="java.lang.AssertionError" message="expected [OrangeHRMM] but found [OrangeHRM]">
      <![CDATA[java.lang.AssertionError: expected [OrangeHRMM] but found [OrangeHRM]
at com.bitm.SeleniumOnlineProject3.Test.LoginTest.homepagetitleverify(LoginTest.java:21)
at java.util.ArrayList.forEach(ArrayList.java:1249)
... Removed 34 stack frames]]>
    </failure>
  </testcase> <!-- homepagetitleverify -->
  <testcase name="logintest" time="0.0" classname="com.bitm.SeleniumOnlineProject3.Test.LoginTest">
    <skipped/>
  </testcase> <!-- logintest -->
</testsuite> <!-- LoginTest -->
