<?xml version="1.0" encoding="UTF-8"?>
<testng-results skipped="0" failed="0" ignored="0" total="2" passed="2">
  <reporter-output>
  </reporter-output>
  <suite name="SeleniumOnlineProject3" duration-ms="23538" started-at="2021-01-03T21:53:04 BDT" finished-at="2021-01-03T21:53:27 BDT">
    <groups>
    </groups>
    <test name="LoginModule" duration-ms="23538" started-at="2021-01-03T21:53:04 BDT" finished-at="2021-01-03T21:53:27 BDT">
      <class name="com.bitm.SeleniumOnlineProject3.Test.LoginTest">
        <test-method status="PASS" signature="homepagetitleverify()[pri:0, instance:com.bitm.SeleniumOnlineProject3.Test.LoginTest@51cdd8a]" name="homepagetitleverify" duration-ms="12922" started-at="2021-01-03T21:53:04 BDT" finished-at="2021-01-03T21:53:17 BDT">
          <reporter-output>
          </reporter-output>
        </test-method> <!-- homepagetitleverify -->
        <test-method status="PASS" signature="logintest(java.util.List)[pri:0, instance:com.bitm.SeleniumOnlineProject3.Test.LoginTest@51cdd8a]" name="logintest" duration-ms="8547" started-at="2021-01-03T21:53:19 BDT" data-provider="loginData" depends-on-methods="com.bitm.SeleniumOnlineProject3.Test.LoginTest.homepagetitleverify" finished-at="2021-01-03T21:53:27 BDT">
          <params>
            <param index="0">
              <value>
                <![CDATA[[LoginDTO [username=ABCD, password=ABCD], LoginDTO [username=Admin, password=admin123]]]]>
              </value>
            </param>
          </params>
          <reporter-output>
          </reporter-output>
        </test-method> <!-- logintest -->
      </class> <!-- com.bitm.SeleniumOnlineProject3.Test.LoginTest -->
    </test> <!-- LoginModule -->
  </suite> <!-- SeleniumOnlineProject3 -->
</testng-results>
